Hmm ... looks like a package
Converting parsed Rd's to LaTeX Creating pdf output from LaTeX ...

This is pdfTeX, Version 3.141592653-2.6-1.40.27 (TeX Live 2026/dev/Arch Linux) (preloaded format=pdflatex)
 restricted \write18 enabled.
entering extended mode
LaTeX2e <2024-11-01> patch level 2
L3 programming layer <2025-01-18>
(./Rd2.tex
(/usr/share/texmf-dist/tex/latex/base/book.cls
Document Class: book 2024/06/29 v1.4n Standard LaTeX document class
(/usr/share/texmf-dist/tex/latex/base/bk10.clo))
(/usr/share/texmf/tex/latex/Rd.sty
(/usr/share/texmf-dist/tex/latex/base/ifthen.sty)
(/usr/share/texmf-dist/tex/generic/iftex/iftex.sty)
(/usr/share/texmf-dist/tex/latex/tools/longtable.sty)
(/usr/share/texmf-dist/tex/latex/tools/bm.sty)
(/usr/share/texmf-dist/tex/latex/base/alltt.sty)
(/usr/share/texmf-dist/tex/latex/tools/verbatim.sty)
(/usr/share/texmf-dist/tex/latex/url/url.sty)
(/usr/share/texmf-dist/tex/latex/base/textcomp.sty)
(/usr/share/texmf-dist/tex/latex/amsmath/amsmath.sty
For additional information on amsmath, use the `?' option.
(/usr/share/texmf-dist/tex/latex/amsmath/amstext.sty
(/usr/share/texmf-dist/tex/latex/amsmath/amsgen.sty))
(/usr/share/texmf-dist/tex/latex/amsmath/amsbsy.sty)
(/usr/share/texmf-dist/tex/latex/amsmath/amsopn.sty))
(/usr/share/texmf-dist/tex/latex/amsfonts/amsfonts.sty)
(/usr/share/texmf-dist/tex/latex/amsfonts/amssymb.sty)
(/usr/share/texmf-dist/tex/latex/jknapltx/mathrsfs.sty)
(/usr/share/texmf-dist/tex/latex/base/fontenc.sty)
(/usr/share/texmf-dist/tex/latex/psnfss/times.sty)
(/usr/share/texmf-dist/tex/latex/graphics/color.sty
(/usr/share/texmf-dist/tex/latex/graphics-cfg/color.cfg)
(/usr/share/texmf-dist/tex/latex/graphics-def/pdftex.def)
(/usr/share/texmf-dist/tex/latex/graphics/mathcolor.ltx))
(/usr/share/texmf-dist/tex/latex/hyperref/hyperref.sty
(/usr/share/texmf-dist/tex/latex/graphics/keyval.sty)
(/usr/share/texmf-dist/tex/latex/kvsetkeys/kvsetkeys.sty)
(/usr/share/texmf-dist/tex/generic/kvdefinekeys/kvdefinekeys.sty)
(/usr/share/texmf-dist/tex/generic/pdfescape/pdfescape.sty
(/usr/share/texmf-dist/tex/generic/ltxcmds/ltxcmds.sty)
(/usr/share/texmf-dist/tex/generic/pdftexcmds/pdftexcmds.sty
(/usr/share/texmf-dist/tex/generic/infwarerr/infwarerr.sty)))
(/usr/share/texmf-dist/tex/latex/hycolor/hycolor.sty)
(/usr/share/texmf-dist/tex/latex/hyperref/nameref.sty
(/usr/share/texmf-dist/tex/latex/refcount/refcount.sty)
(/usr/share/texmf-dist/tex/generic/gettitlestring/gettitlestring.sty
(/usr/share/texmf-dist/tex/latex/kvoptions/kvoptions.sty)))
(/usr/share/texmf-dist/tex/latex/etoolbox/etoolbox.sty)
(/usr/share/texmf-dist/tex/generic/stringenc/stringenc.sty)
(/usr/share/texmf-dist/tex/latex/hyperref/pd1enc.def)
(/usr/share/texmf-dist/tex/generic/intcalc/intcalc.sty)
(/usr/share/texmf-dist/tex/latex/hyperref/puenc.def)
(/usr/share/texmf-dist/tex/generic/bitset/bitset.sty
(/usr/share/texmf-dist/tex/generic/bigintcalc/bigintcalc.sty))
(/usr/share/texmf-dist/tex/latex/base/atbegshi-ltx.sty))
(/usr/share/texmf-dist/tex/latex/hyperref/hpdftex.def
(/usr/share/texmf-dist/tex/latex/base/atveryend-ltx.sty)
(/usr/share/texmf-dist/tex/latex/rerunfilecheck/rerunfilecheck.sty
(/usr/share/texmf-dist/tex/generic/uniquecounter/uniquecounter.sty))))
(/usr/share/texmf-dist/tex/latex/base/makeidx.sty)
Writing index file Rd2.idx
(/usr/share/texmf-dist/tex/latex/psnfss/t1ptm.fd)
(/usr/share/texmf-dist/tex/latex/l3backend/l3backend-pdftex.def)
No file Rd2.aux.
(/usr/share/texmf-dist/tex/context/base/mkii/supp-pdf.mkii
[Loading MPS to PDF converter (version 2006.09.02).]
) (/usr/share/texmf-dist/tex/latex/psnfss/t1pcr.fd)
(/usr/share/texmf-dist/tex/latex/psnfss/ts1ptm.fd)
No file Rd2.toc.
No file Rd2.ind.

[1{/var/lib/texmf/fonts/map/pdftex/updmap/pdftex.map}{/usr/share/texmf-dist/fon
ts/enc/dvips/base/8r.enc}] (/tmp/RtmpxBToTm/Rd2pdf886d71499628/Rd2.aux)

Package rerunfilecheck Warning: File `Rd2.out' has changed.
(rerunfilecheck)                Rerun to get outlines right
(rerunfilecheck)                or use package `bookmark'.

 )</usr/share/texmf-dist/fonts/type1/urw/courier/ucrr8a.pfb></usr/share/texmf-d
ist/fonts/type1/urw/times/utmb8a.pfb></usr/share/texmf-dist/fonts/type1/urw/tim
es/utmr8a.pfb>
Output written on Rd2.pdf (1 page, 38369 bytes).
Transcript written on Rd2.log.
This is pdfTeX, Version 3.141592653-2.6-1.40.27 (TeX Live 2026/dev/Arch Linux) (preloaded format=pdflatex)
 restricted \write18 enabled.
entering extended mode
LaTeX2e <2024-11-01> patch level 2
L3 programming layer <2025-01-18>
(./Rd2.tex
(/usr/share/texmf-dist/tex/latex/base/book.cls
Document Class: book 2024/06/29 v1.4n Standard LaTeX document class
(/usr/share/texmf-dist/tex/latex/base/bk10.clo))
(/usr/share/texmf/tex/latex/Rd.sty
(/usr/share/texmf-dist/tex/latex/base/ifthen.sty)
(/usr/share/texmf-dist/tex/generic/iftex/iftex.sty)
(/usr/share/texmf-dist/tex/latex/tools/longtable.sty)
(/usr/share/texmf-dist/tex/latex/tools/bm.sty)
(/usr/share/texmf-dist/tex/latex/base/alltt.sty)
(/usr/share/texmf-dist/tex/latex/tools/verbatim.sty)
(/usr/share/texmf-dist/tex/latex/url/url.sty)
(/usr/share/texmf-dist/tex/latex/base/textcomp.sty)
(/usr/share/texmf-dist/tex/latex/amsmath/amsmath.sty
For additional information on amsmath, use the `?' option.
(/usr/share/texmf-dist/tex/latex/amsmath/amstext.sty
(/usr/share/texmf-dist/tex/latex/amsmath/amsgen.sty))
(/usr/share/texmf-dist/tex/latex/amsmath/amsbsy.sty)
(/usr/share/texmf-dist/tex/latex/amsmath/amsopn.sty))
(/usr/share/texmf-dist/tex/latex/amsfonts/amsfonts.sty)
(/usr/share/texmf-dist/tex/latex/amsfonts/amssymb.sty)
(/usr/share/texmf-dist/tex/latex/jknapltx/mathrsfs.sty)
(/usr/share/texmf-dist/tex/latex/base/fontenc.sty)
(/usr/share/texmf-dist/tex/latex/psnfss/times.sty)
(/usr/share/texmf-dist/tex/latex/graphics/color.sty
(/usr/share/texmf-dist/tex/latex/graphics-cfg/color.cfg)
(/usr/share/texmf-dist/tex/latex/graphics-def/pdftex.def)
(/usr/share/texmf-dist/tex/latex/graphics/mathcolor.ltx))
(/usr/share/texmf-dist/tex/latex/hyperref/hyperref.sty
(/usr/share/texmf-dist/tex/latex/graphics/keyval.sty)
(/usr/share/texmf-dist/tex/latex/kvsetkeys/kvsetkeys.sty)
(/usr/share/texmf-dist/tex/generic/kvdefinekeys/kvdefinekeys.sty)
(/usr/share/texmf-dist/tex/generic/pdfescape/pdfescape.sty
(/usr/share/texmf-dist/tex/generic/ltxcmds/ltxcmds.sty)
(/usr/share/texmf-dist/tex/generic/pdftexcmds/pdftexcmds.sty
(/usr/share/texmf-dist/tex/generic/infwarerr/infwarerr.sty)))
(/usr/share/texmf-dist/tex/latex/hycolor/hycolor.sty)
(/usr/share/texmf-dist/tex/latex/hyperref/nameref.sty
(/usr/share/texmf-dist/tex/latex/refcount/refcount.sty)
(/usr/share/texmf-dist/tex/generic/gettitlestring/gettitlestring.sty
(/usr/share/texmf-dist/tex/latex/kvoptions/kvoptions.sty)))
(/usr/share/texmf-dist/tex/latex/etoolbox/etoolbox.sty)
(/usr/share/texmf-dist/tex/generic/stringenc/stringenc.sty)
(/usr/share/texmf-dist/tex/latex/hyperref/pd1enc.def)
(/usr/share/texmf-dist/tex/generic/intcalc/intcalc.sty)
(/usr/share/texmf-dist/tex/latex/hyperref/puenc.def)
(/usr/share/texmf-dist/tex/generic/bitset/bitset.sty
(/usr/share/texmf-dist/tex/generic/bigintcalc/bigintcalc.sty))
(/usr/share/texmf-dist/tex/latex/base/atbegshi-ltx.sty))
(/usr/share/texmf-dist/tex/latex/hyperref/hpdftex.def
(/usr/share/texmf-dist/tex/latex/base/atveryend-ltx.sty)
(/usr/share/texmf-dist/tex/latex/rerunfilecheck/rerunfilecheck.sty
(/usr/share/texmf-dist/tex/generic/uniquecounter/uniquecounter.sty))))
(/usr/share/texmf-dist/tex/latex/base/makeidx.sty)
Writing index file Rd2.idx
(/usr/share/texmf-dist/tex/latex/psnfss/t1ptm.fd)
(/usr/share/texmf-dist/tex/latex/l3backend/l3backend-pdftex.def)
(/tmp/RtmpxBToTm/Rd2pdf886d71499628/Rd2.aux)
(/usr/share/texmf-dist/tex/context/base/mkii/supp-pdf.mkii
[Loading MPS to PDF converter (version 2006.09.02).]
) (/tmp/RtmpxBToTm/Rd2pdf886d71499628/Rd2.out)
(/tmp/RtmpxBToTm/Rd2pdf886d71499628/Rd2.out)
(/usr/share/texmf-dist/tex/latex/psnfss/t1pcr.fd)
(/usr/share/texmf-dist/tex/latex/psnfss/ts1ptm.fd)
(/tmp/RtmpxBToTm/Rd2pdf886d71499628/Rd2.toc)
No file Rd2.ind.

[1{/var/lib/texmf/fonts/map/pdftex/updmap/pdftex.map}{/usr/share/texmf-dist/fon
ts/enc/dvips/base/8r.enc}] (/tmp/RtmpxBToTm/Rd2pdf886d71499628/Rd2.aux) )</usr/
share/texmf-dist/fonts/type1/urw/courier/ucrr8a.pfb></usr/share/texmf-dist/font
s/type1/urw/times/utmb8a.pfb></usr/share/texmf-dist/fonts/type1/urw/times/utmr8
a.pfb>
Output written on Rd2.pdf (1 page, 38369 bytes).
Transcript written on Rd2.log.
Saving output to ‘pytools-manual.pdf’ ...
Done
You may want to clean up by 'rm -Rf /tmp/RtmpxBToTm/Rd2pdf886d71499628'
